<?xml version="1.0" encoding="UTF-8"?>
<!-- Generated by org.testng.reporters.JUnitReportReporter -->
<testsuite skipped="0" hostname="DDT" name="Test.TestPDF" tests="1" failures="0" timestamp="22 Feb 2020 10:25:33 GMT" time="3.119" errors="0">
  <testcase name="test" time="3.119" classname="Test.TestPDF"/>
</testsuite> <!-- Test.TestPDF -->
